2015-10-02 07:26:16,189 [VoiceXML text server] INFO       org.jvoicexml.client.text.TextServer (   331) - text server started at port '4711'
2015-10-02 07:26:16,195 [VoiceXML text server] INFO       org.jvoicexml.client.text.TextServer (   346) - connected to tcp://NB-LEN-Walka.s1nn.int:50140
2015-10-02 07:26:16,195 [main                ] INFO       org.jvoicexml.client.text.TextServer (   562) - server closed
2015-10-02 07:26:16,198 [main                ] INFO       org.jvoicexml.client.text.TextServer (   551) - text server stopped
2015-10-02 07:26:16,198 [main                ] INFO       org.jvoicexml.client.text.TextServer (   551) - text server stopped
2015-10-02 07:26:16,201 [VoiceXML text server] INFO       org.jvoicexml.client.text.TextServer (   331) - text server started at port '4711'
2015-10-02 07:26:16,202 [VoiceXML text server] INFO       org.jvoicexml.client.text.TextServer (   346) - connected to tcp://NB-LEN-Walka.s1nn.int:50141
2015-10-02 07:26:16,202 [main                ] INFO       org.jvoicexml.client.text.TextServer (   562) - server closed
2015-10-02 07:26:16,202 [main                ] INFO       org.jvoicexml.client.text.TextServer (   551) - text server stopped
2015-10-02 07:26:16,203 [VoiceXML text server] INFO       org.jvoicexml.client.text.TextServer (   331) - text server started at port '4711'
2015-10-02 07:26:16,204 [VoiceXML text server] INFO       org.jvoicexml.client.text.TextServer (   346) - connected to tcp://NB-LEN-Walka.s1nn.int:50142
2015-10-02 07:26:16,205 [main                ] INFO       org.jvoicexml.client.text.TextServer (   562) - server closed
2015-10-02 07:26:16,205 [main                ] INFO       org.jvoicexml.client.text.TextServer (   551) - text server stopped
2015-10-02 07:26:16,206 [VoiceXML text server] INFO       org.jvoicexml.client.text.TextServer (   331) - text server started at port '4711'
2015-10-02 07:26:16,207 [VoiceXML text server] INFO       org.jvoicexml.client.text.TextServer (   346) - connected to tcp://NB-LEN-Walka.s1nn.int:50143
2015-10-02 07:26:16,456 [Thread-4            ] INFO       org.jvoicexml.client.text.TextServer (   539) - sent Type: USER
SequenceNumber: 0
Data: "Test123"

2015-10-02 07:26:16,458 [main                ] INFO       org.jvoicexml.client.text.TextServer (   562) - server closed
2015-10-02 07:26:16,459 [main                ] INFO       org.jvoicexml.client.text.TextServer (   539) - sent Type: BYE
SequenceNumber: 1

2015-10-02 07:26:18,459 [main                ] INFO       org.jvoicexml.client.text.TextServer (   551) - text server stopped
2015-10-02 07:28:24,088 [VoiceXML text server] INFO       org.jvoicexml.client.text.TextServer (   331) - text server started at port '4711'
2015-10-02 07:28:24,094 [VoiceXML text server] INFO       org.jvoicexml.client.text.TextServer (   346) - connected to tcp://NB-LEN-Walka.s1nn.int:50177
2015-10-02 07:28:24,209 [Thread-1            ] INFO       org.jvoicexml.client.text.TextServer (   539) - sent Type: USER
SequenceNumber: 0
Data: "Test123"

2015-10-02 07:28:24,210 [main                ] INFO       org.jvoicexml.client.text.TextServer (   562) - server closed
2015-10-02 07:28:24,211 [main                ] INFO       org.jvoicexml.client.text.TextServer (   539) - sent Type: BYE
SequenceNumber: 1

2015-10-02 07:28:26,211 [main                ] INFO       org.jvoicexml.client.text.TextServer (   551) - text server stopped
2015-10-02 07:31:39,570 [VoiceXML text server] INFO       org.jvoicexml.client.text.TextServer (   331) - text server started at port '4711'
2015-10-02 07:31:39,576 [VoiceXML text server] INFO       org.jvoicexml.client.text.TextServer (   346) - connected to tcp://NB-LEN-Walka.s1nn.int:50232
2015-10-02 07:31:39,576 [main                ] INFO       org.jvoicexml.client.text.TextServer (   562) - server closed
2015-10-02 07:31:39,578 [main                ] INFO       org.jvoicexml.client.text.TextServer (   551) - text server stopped
2015-10-02 07:31:39,579 [main                ] INFO       org.jvoicexml.client.text.TextServer (   551) - text server stopped
2015-10-02 07:31:39,581 [VoiceXML text server] INFO       org.jvoicexml.client.text.TextServer (   331) - text server started at port '4711'
2015-10-02 07:31:39,582 [VoiceXML text server] INFO       org.jvoicexml.client.text.TextServer (   346) - connected to tcp://NB-LEN-Walka.s1nn.int:50233
2015-10-02 07:31:39,582 [main                ] INFO       org.jvoicexml.client.text.TextServer (   562) - server closed
2015-10-02 07:31:39,582 [main                ] INFO       org.jvoicexml.client.text.TextServer (   551) - text server stopped
2015-10-02 07:31:39,584 [VoiceXML text server] INFO       org.jvoicexml.client.text.TextServer (   331) - text server started at port '4711'
2015-10-02 07:31:39,585 [VoiceXML text server] INFO       org.jvoicexml.client.text.TextServer (   346) - connected to tcp://NB-LEN-Walka.s1nn.int:50234
2015-10-02 07:31:39,585 [main                ] INFO       org.jvoicexml.client.text.TextServer (   562) - server closed
2015-10-02 07:31:39,586 [main                ] INFO       org.jvoicexml.client.text.TextServer (   551) - text server stopped
2015-10-02 07:31:39,587 [VoiceXML text server] INFO       org.jvoicexml.client.text.TextServer (   331) - text server started at port '4711'
2015-10-02 07:31:39,589 [VoiceXML text server] INFO       org.jvoicexml.client.text.TextServer (   346) - connected to tcp://NB-LEN-Walka.s1nn.int:50235
2015-10-02 07:31:39,687 [Thread-4            ] INFO       org.jvoicexml.client.text.TextServer (   539) - sent Type: USER
SequenceNumber: 0
Data: "Test123"

2015-10-02 07:31:44,590 [main                ] INFO       org.jvoicexml.client.text.TextServer (   562) - server closed
2015-10-02 07:31:44,591 [main                ] INFO       org.jvoicexml.client.text.TextServer (   539) - sent Type: BYE
SequenceNumber: 1

2015-10-02 07:31:46,593 [main                ] INFO       org.jvoicexml.client.text.TextServer (   551) - text server stopped
2015-10-02 07:32:20,717 [VoiceXML text server] INFO       org.jvoicexml.client.text.TextServer (   331) - text server started at port '4711'
2015-10-02 07:32:20,723 [VoiceXML text server] INFO       org.jvoicexml.client.text.TextServer (   346) - connected to tcp://NB-LEN-Walka.s1nn.int:50249
2015-10-02 07:32:20,723 [main                ] INFO       org.jvoicexml.client.text.TextServer (   563) - server closed
2015-10-02 07:32:20,726 [main                ] INFO       org.jvoicexml.client.text.TextServer (   552) - text server stopped
2015-10-02 07:32:20,726 [main                ] INFO       org.jvoicexml.client.text.TextServer (   552) - text server stopped
2015-10-02 07:32:20,728 [VoiceXML text server] INFO       org.jvoicexml.client.text.TextServer (   331) - text server started at port '4711'
2015-10-02 07:32:20,729 [VoiceXML text server] INFO       org.jvoicexml.client.text.TextServer (   346) - connected to tcp://NB-LEN-Walka.s1nn.int:50250
2015-10-02 07:32:20,729 [main                ] INFO       org.jvoicexml.client.text.TextServer (   563) - server closed
2015-10-02 07:32:20,729 [main                ] INFO       org.jvoicexml.client.text.TextServer (   552) - text server stopped
2015-10-02 07:32:20,732 [VoiceXML text server] INFO       org.jvoicexml.client.text.TextServer (   331) - text server started at port '4711'
2015-10-02 07:32:20,733 [VoiceXML text server] INFO       org.jvoicexml.client.text.TextServer (   346) - connected to tcp://NB-LEN-Walka.s1nn.int:50251
2015-10-02 07:32:20,734 [main                ] INFO       org.jvoicexml.client.text.TextServer (   563) - server closed
2015-10-02 07:32:20,734 [main                ] INFO       org.jvoicexml.client.text.TextServer (   552) - text server stopped
2015-10-02 07:32:20,746 [VoiceXML text server] INFO       org.jvoicexml.client.text.TextServer (   331) - text server started at port '4711'
2015-10-02 07:32:20,747 [VoiceXML text server] INFO       org.jvoicexml.client.text.TextServer (   346) - connected to tcp://NB-LEN-Walka.s1nn.int:50252
2015-10-02 07:32:20,834 [Thread-4            ] INFO       org.jvoicexml.client.text.TextServer (   540) - sent Type: USER
SequenceNumber: 0
Data: "Test123"

2015-10-02 07:32:25,749 [main                ] INFO       org.jvoicexml.client.text.TextServer (   563) - server closed
2015-10-02 07:32:25,750 [main                ] INFO       org.jvoicexml.client.text.TextServer (   540) - sent Type: BYE
SequenceNumber: 1

2015-10-02 07:32:27,751 [main                ] INFO       org.jvoicexml.client.text.TextServer (   552) - text server stopped
2015-10-02 07:37:29,768 [VoiceXML text server] INFO       org.jvoicexml.client.text.TextServer (   331) - text server started at port '4711'
2015-10-02 07:37:29,774 [VoiceXML text server] INFO       org.jvoicexml.client.text.TextServer (   346) - connected to tcp://NB-LEN-Walka.s1nn.int:50332
2015-10-02 07:37:29,879 [Thread-1            ] INFO       org.jvoicexml.client.text.TextServer (   538) - sent Type: USER
SequenceNumber: 0
Data: "Test123"

2015-10-02 07:37:34,777 [main                ] INFO       org.jvoicexml.client.text.TextServer (   561) - server closed
2015-10-02 07:37:34,778 [main                ] INFO       org.jvoicexml.client.text.TextServer (   538) - sent Type: BYE
SequenceNumber: 1

2015-10-02 07:37:36,781 [main                ] INFO       org.jvoicexml.client.text.TextServer (   550) - text server stopped
2015-10-02 07:38:00,614 [VoiceXML text server] INFO       org.jvoicexml.client.text.TextServer (   331) - text server started at port '4711'
2015-10-02 07:38:00,620 [VoiceXML text server] INFO       org.jvoicexml.client.text.TextServer (   346) - connected to tcp://NB-LEN-Walka.s1nn.int:50344
2015-10-02 07:38:00,722 [Thread-1            ] INFO       org.jvoicexml.client.text.TextServer (   538) - sent Type: USER
SequenceNumber: 0
Data: "Test123"

2015-10-02 07:38:00,725 [main                ] INFO       org.jvoicexml.client.text.TextServer (   561) - server closed
2015-10-02 07:38:00,725 [main                ] INFO       org.jvoicexml.client.text.TextServer (   538) - sent Type: BYE
SequenceNumber: 1

2015-10-02 07:38:02,728 [main                ] INFO       org.jvoicexml.client.text.TextServer (   550) - text server stopped
2015-10-02 07:40:05,559 [VoiceXML text server] INFO       org.jvoicexml.client.text.TextServer (   330) - text server started at port '4711'
2015-10-02 07:40:05,565 [VoiceXML text server] INFO       org.jvoicexml.client.text.TextServer (   345) - connected to tcp://NB-LEN-Walka.s1nn.int:50379
2015-10-02 07:40:05,565 [main                ] INFO       org.jvoicexml.client.text.TextServer (   561) - server closed
2015-10-02 07:40:05,568 [main                ] INFO       org.jvoicexml.client.text.TextServer (   550) - text server stopped
2015-10-02 07:40:05,568 [main                ] INFO       org.jvoicexml.client.text.TextServer (   550) - text server stopped
2015-10-02 07:40:05,570 [VoiceXML text server] INFO       org.jvoicexml.client.text.TextServer (   330) - text server started at port '4711'
2015-10-02 07:40:05,571 [main                ] INFO       org.jvoicexml.client.text.TextServer (   561) - server closed
2015-10-02 07:40:05,571 [VoiceXML text server] INFO       org.jvoicexml.client.text.TextServer (   345) - connected to tcp://NB-LEN-Walka.s1nn.int:50380
2015-10-02 07:40:05,571 [main                ] INFO       org.jvoicexml.client.text.TextServer (   550) - text server stopped
2015-10-02 07:40:05,572 [VoiceXML text server] DEBUG      org.jvoicexml.client.text.TextServer (   354) - error reading from the socket
java.io.IOException: no client connection
	at org.jvoicexml.client.text.TextServer.readOutput(TextServer.java:385)
	at org.jvoicexml.client.text.TextServer.run(TextServer.java:348)
2015-10-02 07:40:05,572 [VoiceXML text server] INFO       org.jvoicexml.client.text.TextServer (   330) - text server started at port '4711'
2015-10-02 07:40:05,621 [VoiceXML text server] INFO       org.jvoicexml.client.text.TextServer (   345) - connected to tcp://NB-LEN-Walka.s1nn.int:50381
2015-10-02 07:40:05,621 [main                ] INFO       org.jvoicexml.client.text.TextServer (   561) - server closed
2015-10-02 07:40:05,622 [main                ] INFO       org.jvoicexml.client.text.TextServer (   550) - text server stopped
2015-10-02 07:40:05,623 [VoiceXML text server] INFO       org.jvoicexml.client.text.TextServer (   330) - text server started at port '4711'
2015-10-02 07:40:05,623 [VoiceXML text server] INFO       org.jvoicexml.client.text.TextServer (   345) - connected to tcp://NB-LEN-Walka.s1nn.int:50382
2015-10-02 07:40:05,713 [Thread-4            ] INFO       org.jvoicexml.client.text.TextServer (   538) - sent Type: USER
SequenceNumber: 0
Data: "Test123"

2015-10-02 07:40:05,714 [main                ] INFO       org.jvoicexml.client.text.TextServer (   561) - server closed
2015-10-02 07:40:05,714 [main                ] INFO       org.jvoicexml.client.text.TextServer (   538) - sent Type: BYE
SequenceNumber: 1

2015-10-02 07:40:07,714 [main                ] INFO       org.jvoicexml.client.text.TextServer (   550) - text server stopped
